Started GET "/" for ::1 at 2017-07-11 20:45:27 +0800
Processing by Rails::WelcomeController#index as HTML
  Parameters: {"internal"=>true}
  Rendering /Users/guomengjun/.rvm/gems/ruby-2.3.1/gems/railties-5.0.0/lib/rails/templates/rails/welcome/index.html.erb
  Rendered /Users/guomengjun/.rvm/gems/ruby-2.3.1/gems/railties-5.0.0/lib/rails/templates/rails/welcome/index.html.erb (4.5ms)
Completed 200 OK in 24ms (Views: 10.1ms | ActiveRecord: 0.0ms)


Started GET "/" for ::1 at 2017-07-11 20:49:27 +0800
Processing by WelcomeController#index as HTML
  Rendering welcome/index.html.erb within layouts/application
  Rendered welcome/index.html.erb within layouts/application (1.7ms)
  Rendered common/_navbar.html.erb (0.5ms)
  Rendered common/_footer.html.erb (0.3ms)
Completed 200 OK in 3636ms (Views: 3623.9ms | ActiveRecord: 0.0ms)


Started GET "/" for ::1 at 2017-07-11 20:51:57 +0800
Processing by WelcomeController#index as HTML
  Rendering welcome/index.html.erb within layouts/application
  Rendered welcome/index.html.erb within layouts/application (0.4ms)
  Rendered common/_navbar.html.erb (11.4ms)
  Rendered common/_flashes.html.erb (0.6ms)
  Rendered common/_footer.html.erb (0.4ms)
Completed 200 OK in 128ms (Views: 125.8ms | ActiveRecord: 0.0ms)


  [1m[35m (1.1ms)[0m  [1m[35mCREATE TABLE "schema_migrations" ("version" varchar NOT NULL PRIMARY KEY)[0m
  [1m[35m (0.9ms)[0m  [1m[35mCREATE TABLE "ar_internal_metadata" ("key" varchar NOT NULL PRIMARY KEY, "value" varchar, "created_at" datetime NOT NULL, "updated_at" datetime NOT NULL)[0m
  [1m[36mActiveRecord::SchemaMigration Load (0.1ms)[0m  [1m[34mSELECT "schema_migrations".* FROM "schema_migrations"[0m
Migrating to DeviseCreateUsers (20170711125248)
  [1m[35m (0.2ms)[0m  [1m[36mbegin transaction[0m
  [1m[35m (0.5ms)[0m  [1m[35mCREATE TABLE "users" ("id" INTEGER PRIMARY KEY AUTOINCREMENT NOT NULL, "email" varchar DEFAULT '' NOT NULL, "encrypted_password" varchar DEFAULT '' NOT NULL, "reset_password_token" varchar, "reset_password_sent_at" datetime, "remember_created_at" datetime, "sign_in_count" integer DEFAULT 0 NOT NULL, "current_sign_in_at" datetime, "last_sign_in_at" datetime, "current_sign_in_ip" varchar, "last_sign_in_ip" varchar, "created_at" datetime NOT NULL, "updated_at" datetime NOT NULL)[0m
  [1m[35m (0.4ms)[0m  [1m[34mselect sqlite_version(*)[0m
  [1m[35m (0.1ms)[0m  [1m[35mCREATE UNIQUE INDEX "index_users_on_email" ON "users" ("email")[0m
  [1m[35m (0.1ms)[0m  [1m[34m            SELECT sql
            FROM sqlite_master
            WHERE name='index_users_on_email' AND type='index'
            UNION ALL
            SELECT sql
            FROM sqlite_temp_master
            WHERE name='index_users_on_email' AND type='index'
[0m
  [1m[35m (0.1ms)[0m  [1m[35mCREATE UNIQUE INDEX "index_users_on_reset_password_token" ON "users" ("reset_password_token")[0m
  [1m[35mSQL (0.2ms)[0m  [1m[32mINSERT INTO "schema_migrations" ("version") VALUES (?)[0m  [["version", "20170711125248"]]
  [1m[35m (0.6ms)[0m  [1m[36mcommit transaction[0m
  [1m[36mActiveRecord::InternalMetadata Load (0.2ms)[0m  [1m[34mSELECT  "ar_internal_metadata".* FROM "ar_internal_metadata" WHERE "ar_internal_metadata"."key" = ? LIMIT ?[0m  [["key", :environment], ["LIMIT", 1]]
  [1m[35m (0.1ms)[0m  [1m[36mbegin transaction[0m
  [1m[35mSQL (0.3ms)[0m  [1m[32mINSERT INTO "ar_internal_metadata" ("key", "value", "created_at", "updated_at") VALUES (?, ?, ?, ?)[0m  [["key", "environment"], ["value", "development"], ["created_at", 2017-07-11 12:52:54 UTC], ["updated_at", 2017-07-11 12:52:54 UTC]]
  [1m[35m (0.7ms)[0m  [1m[36mcommit transaction[0m
  [1m[36mActiveRecord::SchemaMigration Load (0.1ms)[0m  [1m[34mSELECT "schema_migrations".* FROM "schema_migrations"[0m
  [1m[35m (0.1ms)[0m  [1m[34m            SELECT sql
            FROM sqlite_master
            WHERE name='index_users_on_reset_password_token' AND type='index'
            UNION ALL
            SELECT sql
            FROM sqlite_temp_master
            WHERE name='index_users_on_reset_password_token' AND type='index'
[0m
  [1m[35m (0.1ms)[0m  [1m[34m            SELECT sql
            FROM sqlite_master
            WHERE name='index_users_on_email' AND type='index'
            UNION ALL
            SELECT sql
            FROM sqlite_temp_master
            WHERE name='index_users_on_email' AND type='index'
[0m
Started GET "/" for ::1 at 2017-07-11 20:55:40 +0800
  [1m[36mActiveRecord::SchemaMigration Load (0.2ms)[0m  [1m[34mSELECT "schema_migrations".* FROM "schema_migrations"[0m
Processing by WelcomeController#index as HTML
  Rendering welcome/index.html.erb within layouts/application
  Rendered welcome/index.html.erb within layouts/application (2.0ms)
  Rendered common/_navbar.html.erb (7.5ms)
  Rendered common/_flashes.html.erb (0.9ms)
  Rendered common/_footer.html.erb (0.5ms)
Completed 200 OK in 459ms (Views: 447.7ms | ActiveRecord: 0.0ms)


Started GET "/users/sign_in" for ::1 at 2017-07-11 20:58:07 +0800
  [1m[36mActiveRecord::SchemaMigration Load (0.2ms)[0m  [1m[34mSELECT "schema_migrations".* FROM "schema_migrations"[0m
Processing by Devise::SessionsController#new as HTML
  Rendering /Users/guomengjun/.rvm/gems/ruby-2.3.1/gems/devise-4.3.0/app/views/devise/sessions/new.html.erb within layouts/application
  Rendered /Users/guomengjun/.rvm/gems/ruby-2.3.1/gems/devise-4.3.0/app/views/devise/shared/_links.html.erb (1.5ms)
  Rendered /Users/guomengjun/.rvm/gems/ruby-2.3.1/gems/devise-4.3.0/app/views/devise/sessions/new.html.erb within layouts/application (48.6ms)
  Rendered common/_navbar.html.erb (1.1ms)
  Rendered common/_flashes.html.erb (0.7ms)
  Rendered common/_footer.html.erb (0.3ms)
Completed 200 OK in 3044ms (Views: 3013.7ms | ActiveRecord: 1.6ms)


Started GET "/users/sign_in" for ::1 at 2017-07-11 20:58:10 +0800
Processing by Devise::SessionsController#new as HTML
  Rendering /Users/guomengjun/.rvm/gems/ruby-2.3.1/gems/devise-4.3.0/app/views/devise/sessions/new.html.erb within layouts/application
  Rendered /Users/guomengjun/.rvm/gems/ruby-2.3.1/gems/devise-4.3.0/app/views/devise/shared/_links.html.erb (2.5ms)
  Rendered /Users/guomengjun/.rvm/gems/ruby-2.3.1/gems/devise-4.3.0/app/views/devise/sessions/new.html.erb within layouts/application (8.0ms)
  Rendered common/_navbar.html.erb (0.9ms)
  Rendered common/_flashes.html.erb (0.5ms)
  Rendered common/_footer.html.erb (0.5ms)
Completed 200 OK in 84ms (Views: 82.3ms | ActiveRecord: 0.0ms)


Started GET "/users/sign_up" for ::1 at 2017-07-11 20:58:11 +0800
Processing by Devise::RegistrationsController#new as HTML
  Rendering /Users/guomengjun/.rvm/gems/ruby-2.3.1/gems/devise-4.3.0/app/views/devise/registrations/new.html.erb within layouts/application
  Rendered /Users/guomengjun/.rvm/gems/ruby-2.3.1/gems/devise-4.3.0/app/views/devise/shared/_links.html.erb (2.1ms)
  Rendered /Users/guomengjun/.rvm/gems/ruby-2.3.1/gems/devise-4.3.0/app/views/devise/registrations/new.html.erb within layouts/application (13.0ms)
  Rendered common/_navbar.html.erb (1.5ms)
  Rendered common/_flashes.html.erb (0.7ms)
  Rendered common/_footer.html.erb (0.5ms)
Completed 200 OK in 135ms (Views: 133.2ms | ActiveRecord: 0.0ms)


Started POST "/users" for ::1 at 2017-07-11 20:58:25 +0800
Processing by Devise::RegistrationsController#create as HTML
  Parameters: {"utf8"=>"✓", "authenticity_token"=>"bazHKOiJ4WNM+XpF3Fn2ezrXUl/gKNfVZfJNqm24mqTlA7Lw1dsrgZw/T+B1poK495y3IwJLE9tzRunxrvjqpw==", "user"=>{"email"=>"mj@jdstore3.com", "password"=>"[FILTERED]", "password_confirmation"=>"[FILTERED]"}, "commit"=>"Sign up"}
  [1m[35m (0.1ms)[0m  [1m[36mbegin transaction[0m
  [1m[36mUser Exists (0.2ms)[0m  [1m[34mSELECT  1 AS one FROM "users" WHERE "users"."email" = ? LIMIT ?[0m  [["email", "mj@jdstore3.com"], ["LIMIT", 1]]
  [1m[35mSQL (0.4ms)[0m  [1m[32mINSERT INTO "users" ("email", "encrypted_password", "created_at", "updated_at") VALUES (?, ?, ?, ?)[0m  [["email", "mj@jdstore3.com"], ["encrypted_password", "$2a$11$/CaU2oxzdKKYHHFh5EDoLOAQ/4ZJhel0y2drm4Xr7ngQhWxhrrCNC"], ["created_at", 2017-07-11 12:58:25 UTC], ["updated_at", 2017-07-11 12:58:25 UTC]]
  [1m[35m (0.7ms)[0m  [1m[36mcommit transaction[0m
  [1m[35m (0.1ms)[0m  [1m[36mbegin transaction[0m
  [1m[35mSQL (0.5ms)[0m  [1m[33mUPDATE "users" SET "sign_in_count" = ?, "current_sign_in_at" = ?, "last_sign_in_at" = ?, "current_sign_in_ip" = ?, "last_sign_in_ip" = ?, "updated_at" = ? WHERE "users"."id" = ?[0m  [["sign_in_count", 1], ["current_sign_in_at", 2017-07-11 12:58:25 UTC], ["last_sign_in_at", 2017-07-11 12:58:25 UTC], ["current_sign_in_ip", "::1"], ["last_sign_in_ip", "::1"], ["updated_at", 2017-07-11 12:58:25 UTC], ["id", 1]]
  [1m[35m (0.8ms)[0m  [1m[36mcommit transaction[0m
Redirected to http://localhost:3000/
Completed 302 Found in 201ms (ActiveRecord: 2.8ms)


Started GET "/" for ::1 at 2017-07-11 20:58:25 +0800
Processing by WelcomeController#index as HTML
  Rendering welcome/index.html.erb within layouts/application
  Rendered welcome/index.html.erb within layouts/application (0.3ms)
  [1m[36mUser Load (0.3ms)[0m  [1m[34mSELECT  "users".* FROM "users" WHERE "users"."id" = ? ORDER BY "users"."id" ASC LIMIT ?[0m  [["id", 1], ["LIMIT", 1]]
  Rendered common/_navbar.html.erb (2.3ms)
  Rendered common/_flashes.html.erb (0.4ms)
  Rendered common/_footer.html.erb (0.2ms)
Completed 200 OK in 41ms (Views: 38.8ms | ActiveRecord: 0.3ms)


